#
# There is insufficient memory for the Java Runtime Environment to continue.
# Native memory allocation (mmap) failed to map 65536 bytes. Error detail: Failed to commit metaspace.
# Possible reasons:
#   The system is out of physical RAM or swap space
#   This process is running with CompressedOops enabled, and the Java Heap may be blocking the growth of the native heap
# Possible solutions:
#   Reduce memory load on the system
#   Increase physical memory or swap space
#   Check if swap backing store is full
#   Decrease Java heap size (-Xmx/-Xms)
#   Decrease number of Java threads
#   Decrease Java thread stack sizes (-Xss)
#   Set larger code cache with -XX:ReservedCodeCacheSize=
#   JVM is running with Unscaled Compressed Oops mode in which the Java heap is
#     placed in the first 4GB address space. The Java Heap base address is the
#     maximum limit for the native heap growth. Please use -XX:HeapBaseMinAddress
#     to set the Java Heap base and to place the Java Heap above 4GB virtual address.
# This output file may be truncated or incomplete.
#
#  Out of Memory Error (virtualSpaceNode.cpp:113), pid=19968, tid=19460
#
# JRE version: OpenJDK Runtime Environment Temurin-21.0.5+11 (21.0.5+11) (build 21.0.5+11-LTS)
# Java VM: OpenJDK 64-Bit Server VM Temurin-21.0.5+11 (21.0.5+11-LTS, mixed mode, sharing, tiered, compressed oops, compressed class ptrs, g1 gc, windows-amd64)
# No core dump will be written. Minidumps are not enabled by default on client versions of Windows
#

---------------  S U M M A R Y ------------

Command Line: -Dfile.encoding=UTF-8 -Dstdout.encoding=UTF-8 -Dstderr.encoding=UTF-8 -XX:+ShowCodeDetailsInExceptionMessages controlador.Main

Host: AMD Ryzen 5 3500U with Radeon Vega Mobile Gfx  , 8 cores, 3G,  Windows 10 , 64 bit Build 19041 (10.0.19041.5915)
Time: Thu Apr  2 16:13:23 2026 Hora est. Pacífico, Sudamérica elapsed time: 2.470850 seconds (0d 0h 0m 2s)

---------------  T H R E A D  ---------------

Current thread (0x00000236010fbd90):  JavaThread "main"             [_thread_in_vm, id=19460, stack(0x000000f7ba400000,0x000000f7ba500000) (1024K)]

Stack: [0x000000f7ba400000,0x000000f7ba500000]
Native frames: (J=compiled Java code, j=interpreted, Vv=VM code, C=native code)
V  [jvm.dll+0x6cd4e9]
V  [jvm.dll+0x8a7941]
V  [jvm.dll+0x8a9e6e]
V  [jvm.dll+0x8aa543]
V  [jvm.dll+0x27f6d6]
V  [jvm.dll+0x8a368e]
V  [jvm.dll+0x6701c5]
V  [jvm.dll+0x67022a]
V  [jvm.dll+0x672a12]
V  [jvm.dll+0x6728e2]
V  [jvm.dll+0x670b9e]
V  [jvm.dll+0x2693ef]
V  [jvm.dll+0x67ae05]
V  [jvm.dll+0x2155fd]
V  [jvm.dll+0x215b7a]
V  [jvm.dll+0x2165a5]
V  [jvm.dll+0x20bb6e]
V  [jvm.dll+0x5ae1dc]
V  [jvm.dll+0x21d22a]
V  [jvm.dll+0x82030c]
V  [jvm.dll+0x821334]
V  [jvm.dll+0x821b20]
V  [jvm.dll+0x21699c]
V  [jvm.dll+0x20bb87]
V  [jvm.dll+0x5ae1dc]
V  [jvm.dll+0x21d22a]
V  [jvm.dll+0x82030c]
V  [jvm.dll+0x821334]
V  [jvm.dll+0x821902]
V  [jvm.dll+0x821588]
V  [jvm.dll+0x26cd4b]
V  [jvm.dll+0x3d461e]
C  0x000002360e39a93f

The last pc belongs to new (printed below).
Java frames: (J=compiled Java code, j=interpreted, Vv=VM code)
j  sun.awt.Win32FontManager.createFontConfiguration()Lsun/awt/FontConfiguration;+0 java.desktop@21.0.5
j  sun.font.SunFontManager$2.run()Ljava/lang/Void;+206 java.desktop@21.0.5
j  sun.font.SunFontManager$2.run()Ljava/lang/Object;+1 java.desktop@21.0.5
j  java.security.AccessController.executePrivileged(Ljava/security/PrivilegedAction;Ljava/security/AccessControlContext;Ljava/lang/Class;)Ljava/lang/Object;+29 java.base@21.0.5
j  java.security.AccessController.doPrivileged(Ljava/security/PrivilegedAction;)Ljava/lang/Object;+5 java.base@21.0.5
j  sun.font.SunFontManager.<init>()V+208 java.desktop@21.0.5
j  sun.awt.Win32FontManager.<init>()V+1 java.desktop@21.0.5
j  sun.font.PlatformFontInfo.createFontManager()Lsun/font/FontManager;+4 java.desktop@21.0.5
j  sun.font.FontManagerFactory.getInstance()Lsun/font/FontManager;+21 java.desktop@21.0.5
j  sun.font.SunFontManager.getInstance()Lsun/font/SunFontManager;+0 java.desktop@21.0.5
j  sun.awt.PlatformFont.<init>(Ljava/lang/String;I)V+4 java.desktop@21.0.5
j  sun.awt.windows.WFontPeer.<init>(Ljava/lang/String;I)V+3 java.desktop@21.0.5
j  sun.awt.windows.WToolkit.getFontPeer(Ljava/lang/String;I)Ljava/awt/peer/FontPeer;+48 java.desktop@21.0.5
j  java.awt.Font.getFontPeer()Ljava/awt/peer/FontPeer;+31 java.desktop@21.0.5
v  ~StubRoutines::call_stub 0x000002360e38100d
j  sun.awt.windows.WComponentPeer._setFont(Ljava/awt/Font;)V+0 java.desktop@21.0.5
j  sun.awt.windows.WComponentPeer.setFont(Ljava/awt/Font;)V+7 java.desktop@21.0.5
j  sun.awt.windows.WWindowPeer.initialize()V+42 java.desktop@21.0.5
j  sun.awt.windows.WFramePeer.initialize()V+1 java.desktop@21.0.5
j  sun.awt.windows.WComponentPeer.<init>(Ljava/awt/Component;)V+83 java.desktop@21.0.5
j  sun.awt.windows.WCanvasPeer.<init>(Ljava/awt/Component;)V+2 java.desktop@21.0.5
j  sun.awt.windows.WPanelPeer.<init>(Ljava/awt/Component;)V+2 java.desktop@21.0.5
j  sun.awt.windows.WWindowPeer.<init>(Ljava/awt/Window;)V+2 java.desktop@21.0.5
j  sun.awt.windows.WFramePeer.<init>(Ljava/awt/Frame;)V+2 java.desktop@21.0.5
j  sun.awt.windows.WToolkit.createFrame(Ljava/awt/Frame;)Ljava/awt/peer/FramePeer;+5 java.desktop@21.0.5
j  java.awt.Frame.addNotify()V+20 java.desktop@21.0.5
j  java.awt.Window.show()V+8 java.desktop@21.0.5
j  java.awt.Component.show(Z)V+5 java.desktop@21.0.5
j  java.awt.Component.setVisible(Z)V+2 java.desktop@21.0.5
j  java.awt.Window.setVisible(Z)V+2 java.desktop@21.0.5
j  controlador.Coordinador.verVentanaPrincipal()V+5
j  controlador.Relaciones.<init>()V+213
j  controlador.Main.main([Ljava/lang/String;)V+12
v  ~StubRoutines::call_stub 0x000002360e38100d
new  187 new  [0x000002360e39a7c0, 0x000002360e39a9c8]  520 bytes
[MachCode]
  0x000002360e39a7c0: 4883 ec08 | c5fa 1104 | 24eb 1f48 | 83ec 10c5 | fb11 0424 | eb14 4883 | ec10 4889 | 0424 48c7 
  0x000002360e39a7e0: 4424 0800 | 0000 00eb | 0150 410f | b755 010f | cac1 ea10 | 488b 4de8 | 488b 4908 | 488b 4908 
  0x000002360e39a800: 488b 4108 | 807c 1004 | 070f 85d3 | 0000 0066 | 8b54 d148 | 488b 4928 | 488b 4cd1 | 0851 80b9 
  0x000002360e39a820: 2101 0000 | 040f 85b6 | 0000 008b | 5108 f6c2 | 010f 85aa | 0000 0049 | 8b87 b801 | 0000 488d 
  0x000002360e39a840: 1c10 493b | 9fc8 0100 | 000f 8792 | 0000 0049 | 899f b801 | 0000 4883 | ea10 0f84 | 0f00 0000 
  0x000002360e39a860: 33c9 c1ea | 0348 894c | d008 48ff | ca75 f648 | c700 0100 | 0000 5933 | f689 700c | 49ba 0000 
  0x000002360e39a880: 001a 3602 | 0000 492b | ca89 4808 | 49ba 364b | 5fca f87f | 0000 4180 | 3a00 0f84 | 3c00 0000 
  0x000002360e39a8a0: 5048 8bc8 | 4883 ec20 | 40f6 c40f | 0f84 1900 | 0000 4883 | ec08 48b8 | 9041 09ca | f87f 0000 
  0x000002360e39a8c0: ffd0 4883 | c408 e90c | 0000 0048 | b890 4109 | caf8 7f00 | 00ff d048 | 83c4 2058 | e9cb 0000 
  0x000002360e39a8e0: 0059 488b | 55e8 488b | 5208 488b | 5208 450f | b745 0141 | 0fc8 41c1 | e810 e805 | 0000 00e9 
  0x000002360e39a900: a800 0000 | 488d 4424 | 084c 896d | c049 8bcf | c5f8 7749 | 89af a803 | 0000 4989 | 8798 0300 
  0x000002360e39a920: 0048 83ec | 2040 f6c4 | 0f0f 8419 | 0000 0048 | 83ec 0848 | b8d0 45d3 | c9f8 7f00 | 00ff d048 
  0x000002360e39a940: 83c4 08e9 | 0c00 0000 | 48b8 d045 | d3c9 f87f | 0000 ffd0 | 4883 c420 | 49c7 8798 | 0300 0000 
  0x000002360e39a960: 0000 0049 | c787 a803 | 0000 0000 | 0000 49c7 | 87a0 0300 | 0000 0000 | 00c5 f877 | 4983 7f08 
  0x000002360e39a980: 000f 8405 | 0000 00e9 | 7465 feff | 498b 87f0 | 0300 0049 | c787 f003 | 0000 0000 | 0000 4c8b 
  0x000002360e39a9a0: 6dc0 4c8b | 75c8 4e8d | 74f5 00c3 | 410f b65d | 0349 83c5 | 0349 ba30 | 1162 caf8 | 7f00 0041 
  0x000002360e39a9c0: ff24 da0f | 1f44 0000 
[/MachCode]

---------------  P R O C E S S  ---------------

Threads class SMR info:
_java_thread_list=0x000002365f5ea1a0, length=16, elements={
0x00000236010fbd90, 0x0000023619c867c0, 0x0000023619c885e0, 0x0000023619c8a700,
0x0000023619c8d160, 0x0000023619c8dbb0, 0x0000023619c8e600, 0x0000023619c9ecb0,
0x0000023619ca1360, 0x000002365f0b1360, 0x000002365f0b47f0, 0x000002365f12efe0,
0x000002365f380a30, 0x000002365f318fd0, 0x000002365f319630, 0x000002365f63fce0
}

Java Threads: ( => current thread )
=>0x00000236010fbd90 JavaThread "main"                              [_thread_in_vm, id=19460, stack(0x000000f7ba400000,0x000000f7ba500000) (1024K)]
  0x0000023619c867c0 JavaThread "Reference Handler"          daemon [_thread_blocked, id=20028, stack(0x000000f7bac00000,0x000000f7bad00000) (1024K)]
  0x0000023619c885e0 JavaThread "Finalizer"                  daemon [_thread_blocked, id=428, stack(0x000000f7bad00000,0x000000f7bae00000) (1024K)]
  0x0000023619c8a700 JavaThread "Signal Dispatcher"          daemon [_thread_blocked, id=19996, stack(0x000000f7bae00000,0x000000f7baf00000) (1024K)]
  0x0000023619c8d160 JavaThread "Attach Listener"            daemon [_thread_blocked, id=19964, stack(0x000000f7baf00000,0x000000f7bb000000) (1024K)]
  0x0000023619c8dbb0 JavaThread "Service Thread"             daemon [_thread_blocked, id=19952, stack(0x000000f7bb000000,0x000000f7bb100000) (1024K)]
  0x0000023619c8e600 JavaThread "Monitor Deflation Thread"   daemon [_thread_blocked, id=18828, stack(0x000000f7bb100000,0x000000f7bb200000) (1024K)]
  0x0000023619c9ecb0 JavaThread "C2 CompilerThread0"         daemon [_thread_blocked, id=20080, stack(0x000000f7bb200000,0x000000f7bb300000) (1024K)]
  0x0000023619ca1360 JavaThread "C1 CompilerThread0"         daemon [_thread_blocked, id=20088, stack(0x000000f7bb300000,0x000000f7bb400000) (1024K)]
  0x000002365f0b1360 JavaThread "Notification Thread"        daemon [_thread_blocked, id=5440, stack(0x000000f7bb400000,0x000000f7bb500000) (1024K)]
  0x000002365f0b47f0 JavaThread "Common-Cleaner"             daemon [_thread_blocked, id=20000, stack(0x000000f7bb500000,0x000000f7bb600000) (1024K)]
  0x000002365f12efe0 JavaThread "mysql-cj-abandoned-connection-cleanup" daemon [_thread_blocked, id=13804, stack(0x000000f7bb600000,0x000000f7bb700000) (1024K)]
  0x000002365f380a30 JavaThread "Java2D Disposer"            daemon [_thread_blocked, id=17636, stack(0x000000f7bb700000,0x000000f7bb800000) (1024K)]
  0x000002365f318fd0 JavaThread "AWT-Shutdown"                      [_thread_blocked, id=15536, stack(0x000000f7bb800000,0x000000f7bb900000) (1024K)]
  0x000002365f319630 JavaThread "AWT-Windows"                daemon [_thread_in_native, id=18068, stack(0x000000f7bb900000,0x000000f7bba00000) (1024K)]
  0x000002365f63fce0 JavaThread "AWT-EventQueue-0"                  [_thread_blocked, id=15648, stack(0x000000f7bba00000,0x000000f7bbb00000) (1024K)]
Total: 16

Other Threads:
  0x0000023619c6c7f0 VMThread "VM Thread"                           [id=20248, stack(0x000000f7bab00000,0x000000f7bac00000) (1024K)]
  0x0000023619c581d0 WatcherThread "VM Periodic Task Thread"        [id=2644, stack(0x000000f7baa00000,0x000000f7bab00000) (1024K)]
  0x0000023603363390 WorkerThread "GC Thread#0"                     [id=19656, stack(0x000000f7ba500000,0x000000f7ba600000) (1024K)]
  0x000002360336c960 ConcurrentGCThread "G1 Main Marker"            [id=20280, stack(0x000000f7ba600000,0x000000f7ba700000) (1024K)]
  0x000002360336db80 WorkerThread "G1 Conc#0"                       [id=20292, stack(0x000000f7ba700000,0x000000f7ba800000) (1024K)]
  0x00000236033fae40 ConcurrentGCThread "G1 Refine#0"               [id=20284, stack(0x000000f7ba800000,0x000000f7ba900000) (1024K)]
  0x00000236033fb8c0 ConcurrentGCThread "G1 Service"                [id=20060, stack(0x000000f7ba900000,0x000000f7baa00000) (1024K)]
Total: 7

Threads with active compile tasks:
Total: 0

VM state: not at safepoint (normal execution)

VM Mutex/Monitor currently owned by a thread:  ([mutex/lock_event])
[0x00007ff8ca60b300] Metaspace_lock - owner thread: 0x00000236010fbd90

Heap address: 0x00000000c9400000, size: 876 MB, Compressed Oops mode: 32-bit

CDS archive(s) mapped at: [0x000002361a000000-0x000002361ac80000-0x000002361ac80000), size 13107200, SharedBaseAddress: 0x000002361a000000, ArchiveRelocationMode: 1.
Compressed class space mapped at: 0x000002361b000000-0x000002365b000000, reserved size: 1073741824
Narrow klass base: 0x000002361a000000, Narrow klass shift: 0, Narrow klass range: 0x100000000

GC Precious Log:
 CardTable entry size: 512
 Card Set container configuration: InlinePtr #cards 5 size 8 Array Of Cards #cards 12 size 40 Howl #buckets 4 coarsen threshold 1843 Howl Bitmap #cards 512 size 80 coarsen threshold 460 Card regions per heap region 1 cards per card region 2048
 CPUs: 8 total, 8 available
 Memory: 3498M
 Large Page Support: Disabled
 NUMA Support: Disabled
 Compressed Oops: Enabled (32-bit)
 Heap Region Size: 1M
 Heap Min Capacity: 8M
 Heap Initial Capacity: 56M
 Heap Max Capacity: 876M
 Pre-touch: Disabled
 Parallel Workers: 8
 Concurrent Workers: 2
 Concurrent Refinement Workers: 8
 Periodic GC: Disabled

Heap:
 garbage-first heap   total 57344K, used 14336K [0x00000000c9400000, 0x0000000100000000)
  region size 1024K, 16 young (16384K), 0 survivors (0K)
 Metaspace       used 10774K, committed 11008K, reserved 1114112K
  class space    used 1160K, committed 1280K, reserved 1048576K

Heap Regions: E=young(eden), S=young(survivor), O=old, HS=humongous(starts), HC=humongous(continues), CS=collection set, F=free, TAMS=top-at-mark-start, PB=parsable bottom
|   0|0x00000000c9400000, 0x00000000c9400000, 0x00000000c9500000|  0%| F|  |TAMS 0x00000000c9400000| PB 0x00000000c9400000| Untracked 
|   1|0x00000000c9500000, 0x00000000c9500000, 0x00000000c9600000|  0%| F|  |TAMS 0x00000000c9500000| PB 0x00000000c9500000| Untracked 
|   2|0x00000000c9600000, 0x00000000c9600000, 0x00000000c9700000|  0%| F|  |TAMS 0x00000000c9600000| PB 0x00000000c9600000| Untracked 
|   3|0x00000000c9700000, 0x00000000c9700000, 0x00000000c9800000|  0%| F|  |TAMS 0x00000000c9700000| PB 0x00000000c9700000| Untracked 
|   4|0x00000000c9800000, 0x00000000c9800000, 0x00000000c9900000|  0%| F|  |TAMS 0x00000000c9800000| PB 0x00000000c9800000| Untracked 
|   5|0x00000000c9900000, 0x00000000c9900000, 0x00000000c9a00000|  0%| F|  |TAMS 0x00000000c9900000| PB 0x00000000c9900000| Untracked 
|   6|0x00000000c9a00000, 0x00000000c9a00000, 0x00000000c9b00000|  0%| F|  |TAMS 0x00000000c9a00000| PB 0x00000000c9a00000| Untracked 
|   7|0x00000000c9b00000, 0x00000000c9b00000, 0x00000000c9c00000|  0%| F|  |TAMS 0x00000000c9b00000| PB 0x00000000c9b00000| Untracked 
|   8|0x00000000c9c00000, 0x00000000c9c00000, 0x00000000c9d00000|  0%| F|  |TAMS 0x00000000c9c00000| PB 0x00000000c9c00000| Untracked 
|   9|0x00000000c9d00000, 0x00000000c9d00000, 0x00000000c9e00000|  0%| F|  |TAMS 0x00000000c9d00000| PB 0x00000000c9d00000| Untracked 
|  10|0x00000000c9e00000, 0x00000000c9e00000, 0x00000000c9f00000|  0%| F|  |TAMS 0x00000000c9e00000| PB 0x00000000c9e00000| Untracked 
|  11|0x00000000c9f00000, 0x00000000c9f00000, 0x00000000ca000000|  0%| F|  |TAMS 0x00000000c9f00000| PB 0x00000000c9f00000| Untracked 
|  12|0x00000000ca000000, 0x00000000ca000000, 0x00000000ca100000|  0%| F|  |TAMS 0x00000000ca000000| PB 0x00000000ca000000| Untracked 
|  13|0x00000000ca100000, 0x00000000ca100000, 0x00000000ca200000|  0%| F|  |TAMS 0x00000000ca100000| PB 0x00000000ca100000| Untracked 
|  14|0x00000000ca200000, 0x00000000ca200000, 0x00000000ca300000|  0%| F|  |TAMS 0x00000000ca200000| PB 0x00000000ca200000| Untracked 
|  15|0x00000000ca300000, 0x00000000ca300000, 0x00000000ca400000|  0%| F|  |TAMS 0x00000000ca300000| PB 0x00000000ca300000| Untracked 
|  16|0x00000000ca400000, 0x00000000ca400000, 0x00000000ca500000|  0%| F|  |TAMS 0x00000000ca400000| PB 0x00000000ca400000| Untracked 
|  17|0x00000000ca500000, 0x00000000ca500000, 0x00000000ca600000|  0%| F|  |TAMS 0x00000000ca500000| PB 0x00000000ca500000| Untracked 
|  18|0x00000000ca600000, 0x00000000ca600000, 0x00000000ca700000|  0%| F|  |TAMS 0x00000000ca600000| PB 0x00000000ca600000| Untracked 
|  19|0x00000000ca700000, 0x00000000ca700000, 0x00000000ca800000|  0%| F|  |TAMS 0x00000000ca700000| PB 0x00000000ca700000| Untracked 
|  20|0x00000000ca800000, 0x00000000ca800000, 0x00000000ca900000|  0%| F|  |TAMS 0x00000000ca800000| PB 0x00000000ca800000| Untracked 
|  21|0x00000000ca900000, 0x00000000ca900000, 0x00000000caa00000|  0%| F|  |TAMS 0x00000000ca900000| PB 0x00000000ca900000| Untracked 
|  22|0x00000000caa00000, 0x00000000caa00000, 0x00000000cab00000|  0%| F|  |TAMS 0x00000000caa00000| PB 0x00000000caa00000| Untracked 
|  23|0x00000000cab00000, 0x00000000cab00000, 0x00000000cac00000|  0%| F|  |TAMS 0x00000000cab00000| PB 0x00000000cab00000| Untracked 
|  24|0x00000000cac00000, 0x00000000cac00000, 0x00000000cad00000|  0%| F|  |TAMS 0x00000000cac00000| PB 0x00000000cac00000| Untracked 
|  25|0x00000000cad00000, 0x00000000cad00000, 0x00000000cae00000|  0%| F|  |TAMS 0x00000000cad00000| PB 0x00000000cad00000| Untracked 
|  26|0x00000000cae00000, 0x00000000cae00000, 0x00000000caf00000|  0%| F|  |TAMS 0x00000000cae00000| PB 0x00000000cae00000| Untracked 
|  27|0x00000000caf00000, 0x00000000caf00000, 0x00000000cb000000|  0%| F|  |TAMS 0x00000000caf00000| PB 0x00000000caf00000| Untracked 
|  28|0x00000000cb000000, 0x00000000cb000000, 0x00000000cb100000|  0%| F|  |TAMS 0x00000000cb000000| PB 0x00000000cb000000| Untracked 
|  29|0x00000000cb100000, 0x00000000cb100000, 0x00000000cb200000|  0%| F|  |TAMS 0x00000000cb100000| PB 0x00000000cb100000| Untracked 
|  30|0x00000000cb200000, 0x00000000cb200000, 0x00000000cb300000|  0%| F|  |TAMS 0x00000000cb200000| PB 0x00000000cb200000| Untracked 
|  31|0x00000000cb300000, 0x00000000cb300000, 0x00000000cb400000|  0%| F|  |TAMS 0x00000000cb300000| PB 0x00000000cb300000| Untracked 
|  32|0x00000000cb400000, 0x00000000cb400000, 0x00000000cb500000|  0%| F|  |TAMS 0x00000000cb400000| PB 0x00000000cb400000| Untracked 
|  33|0x00000000cb500000, 0x00000000cb500000, 0x00000000cb600000|  0%| F|  |TAMS 0x00000000cb500000| PB 0x00000000cb500000| Untracked 
|  34|0x00000000cb600000, 0x00000000cb600000, 0x00000000cb700000|  0%| F|  |TAMS 0x00000000cb600000| PB 0x00000000cb600000| Untracked 
|  35|0x00000000cb700000, 0x00000000cb700000, 0x00000000cb800000|  0%| F|  |TAMS 0x00000000cb700000| PB 0x00000000cb700000| Untracked 
|  36|0x00000000cb800000, 0x00000000cb800000, 0x00000000cb900000|  0%| F|  |TAMS 0x00000000cb800000| PB 0x00000000cb800000| Untracked 
|  37|0x00000000cb900000, 0x00000000cb900000, 0x00000000cba00000|  0%| F|  |TAMS 0x00000000cb900000| PB 0x00000000cb900000| Untracked 
|  38|0x00000000cba00000, 0x00000000cba00000, 0x00000000cbb00000|  0%| F|  |TAMS 0x00000000cba00000| PB 0x00000000cba00000| Untracked 
|  39|0x00000000cbb00000, 0x00000000cbb00000, 0x00000000cbc00000|  0%| F|  |TAMS 0x00000000cbb00000| PB 0x00000000cbb00000| Untracked 
|  40|0x00000000cbc00000, 0x00000000cbceb8f0, 0x00000000cbd00000| 92%| E|  |TAMS 0x00000000cbc00000| PB 0x00000000cbc00000| Complete 
|  41|0x00000000cbd00000, 0x00000000cbe00000, 0x00000000cbe00000|100%| E|CS|TAMS 0x00000000cbd00000| PB 0x00000000cbd00000| Complete 
|  42|0x00000000cbe00000, 0x00000000cbf00000, 0x00000000cbf00000|100%| E|CS|TAMS 0x00000000cbe00000| PB 0x00000000cbe00000| Complete 
|  43|0x00000000cbf00000, 0x00000000cc000000, 0x00000000cc000000|100%| E|CS|TAMS 0x00000000cbf00000| PB 0x00000000cbf00000| Complete 
|  44|0x00000000cc000000, 0x00000000cc100000, 0x00000000cc100000|100%| E|CS|TAMS 0x00000000cc000000| PB 0x00000000cc000000| Complete 
|  45|0x00000000cc100000, 0x00000000cc200000, 0x00000000cc200000|100%| E|  |TAMS 0x00000000cc100000| PB 0x00000000cc100000| Complete 
|  46|0x00000000cc200000, 0x00000000cc300000, 0x00000000cc300000|100%| E|CS|TAMS 0x00000000cc200000| PB 0x00000000cc200000| Complete 
|  47|0x00000000cc300000, 0x00000000cc400000, 0x00000000cc400000|100%| E|CS|TAMS 0x00000000cc300000| PB 0x00000000cc300000| Complete 
|  48|0x00000000cc400000, 0x00000000cc500000, 0x00000000cc500000|100%| E|CS|TAMS 0x00000000cc400000| PB 0x00000000cc400000| Complete 
|  49|0x00000000cc500000, 0x00000000cc600000, 0x00000000cc600000|100%| E|CS|TAMS 0x00000000cc500000| PB 0x00000000cc500000| Complete 
|  50|0x00000000cc600000, 0x00000000cc700000, 0x00000000cc700000|100%| E|CS|TAMS 0x00000000cc600000| PB 0x00000000cc600000| Complete 
|  51|0x00000000cc700000, 0x00000000cc800000, 0x00000000cc800000|100%| E|CS|TAMS 0x00000000cc700000| PB 0x00000000cc700000| Complete 
|  52|0x00000000cc800000, 0x00000000cc900000, 0x00000000cc900000|100%| E|CS|TAMS 0x00000000cc800000| PB 0x00000000cc800000| Complete 
|  53|0x00000000cc900000, 0x00000000cca00000, 0x00000000cca00000|100%| E|CS|TAMS 0x00000000cc900000| PB 0x00000000cc900000| Complete 
|  54|0x00000000cca00000, 0x00000000ccb00000, 0x00000000ccb00000|100%| E|CS|TAMS 0x00000000cca00000| PB 0x00000000cca00000| Complete 
|  55|0x00000000ccb00000, 0x00000000ccc00000, 0x00000000ccc00000|100%| E|CS|TAMS 0x00000000ccb00000| PB 0x00000000ccb00000| Complete 

Card table byte_map: [0x0000023616340000,0x0000023616500000] _byte_map_base: 0x0000023615cf6000

Marking Bits: (CMBitMap*) 0x00000236033649b0
 Bits: [0x0000023616500000, 0x00000236172b0000)

Polling page: 0x00000236012e0000

Metaspace:

Usage:
  Non-class:      9.39 MB used.
      Class:      1.13 MB used.
       Both:     10.52 MB used.

Virtual space:
  Non-class space:       64.00 MB reserved,       9.50 MB ( 15%) committed,  1 nodes.
      Class space:        1.00 GB reserved,       1.25 MB ( <1%) committed,  1 nodes.
             Both:        1.06 GB reserved,      10.75 MB ( <1%) committed. 

Chunk freelists:
   Non-Class:  6.48 MB
       Class:  14.73 MB
        Both:  21.21 MB

MaxMetaspaceSize: unlimited
CompressedClassSpaceSize: 1.00 GB
Initial GC threshold: 21.00 MB
Current GC threshold: 21.00 MB
CDS: on
 - commit_granule_bytes: 65536.
 - commit_granule_words: 8192.
 - virtual_space_node_default_size: 8388608.
 - enlarge_chunks_in_place: 1.
 - use_allocation_guard: 0.


Internal statistics:

num_allocs_failed_limit: 0.
num_arena_births: 146.
num_arena_deaths: 0.
num_vsnodes_births: 2.
num_vsnodes_deaths: 0.
num_space_committed: 172.
num_space_uncommitted: 0.
num_chunks_returned_to_freelist: 0.
num_chunks_taken_from_freelist: 292.
num_chunk_merges: 0.
num_chunk_splits: 200.
num_chunks_enlarged: 126.
num_inconsistent_stats: 0.

CodeHeap 'non-profiled nmethods': size=120000Kb used=362Kb max_used=362Kb free=119637Kb
 bounds [0x000002360e920000, 0x000002360eb90000, 0x0000023615e50000]
CodeHeap 'profiled nmethods': size=120000Kb used=1862Kb max_used=1862Kb free=118137Kb
 bounds [0x0000023606e50000, 0x00000236070c0000, 0x000002360e380000]
CodeHeap 'non-nmethods': size=5760Kb used=1546Kb max_used=1551Kb free=4214Kb
 bounds [0x000002360e380000, 0x000002360e5f0000, 0x000002360e920000]
 total_blobs=1740 nmethods=1125 adapters=520
 compilation: enabled
              stopped_count=0, restarted_count=0
 full_count=0

Compilation events (20 events):
Event: 2.043 Thread 0x0000023619ca1360 nmethod 1115 0x000002360701d510 code [0x000002360701d700, 0x000002360701db10]
Event: 2.043 Thread 0x0000023619ca1360 1116       3       sun.java2d.loops.GraphicsPrimitiveMgr::locate (104 bytes)
Event: 2.043 Thread 0x0000023619ca1360 nmethod 1116 0x000002360701dc90 code [0x000002360701dee0, 0x000002360701e900]
Event: 2.044 Thread 0x0000023619ca1360 1117       3       java.util.Arrays::binarySearch (10 bytes)
Event: 2.044 Thread 0x0000023619ca1360 nmethod 1117 0x000002360701eb90 code [0x000002360701ed40, 0x000002360701ee70]
Event: 2.044 Thread 0x0000023619ca1360 1118       1       sun.java2d.loops.SurfaceType::getSuperType (5 bytes)
Event: 2.044 Thread 0x0000023619c9ecb0 nmethod 1111 0x000002360e979390 code [0x000002360e979520, 0x000002360e979670]
Event: 2.044 Thread 0x0000023619c9ecb0 1113       4       java.lang.Integer::compare (20 bytes)
Event: 2.044 Thread 0x0000023619ca1360 nmethod 1118 0x000002360e979790 code [0x000002360e979920, 0x000002360e9799e8]
Event: 2.044 Thread 0x0000023619c9ecb0 nmethod 1113 0x000002360e979a90 code [0x000002360e979c00, 0x000002360e979c80]
Event: 2.044 Thread 0x0000023619c9ecb0 1119       4       sun.java2d.loops.GraphicsPrimitiveMgr$2::compare (24 bytes)
Event: 2.045 Thread 0x0000023619c9ecb0 nmethod 1119 0x000002360e979d90 code [0x000002360e979f20, 0x000002360e97a058]
Event: 2.053 Thread 0x0000023619ca1360 1121       3       java.awt.Component::getFont (5 bytes)
Event: 2.053 Thread 0x0000023619ca1360 nmethod 1121 0x000002360701ef90 code [0x000002360701f160, 0x000002360701f470]
Event: 2.053 Thread 0x0000023619ca1360 1122       3       java.awt.Component::getFont_NoClientCode (29 bytes)
Event: 2.053 Thread 0x0000023619ca1360 nmethod 1122 0x000002360701f590 code [0x000002360701f760, 0x000002360701fa40]
Event: 2.140 Thread 0x0000023619ca1360 1123       3       java.util.Properties::getProperty (50 bytes)
Event: 2.140 Thread 0x0000023619ca1360 nmethod 1123 0x000002360701fb10 code [0x000002360701fce0, 0x00000236070201c8]
Event: 2.140 Thread 0x0000023619ca1360 1125       3       java.lang.invoke.MethodType::dropParameterTypes (162 bytes)
Event: 2.141 Thread 0x0000023619ca1360 nmethod 1125 0x0000023607020310 code [0x0000023607020620, 0x0000023607021500]

GC Heap History (0 events):
No events

Dll operation events (10 events):
Event: 0.018 Loaded shared library C:\Users\KEVIN ARRUBLA\Desktop\ecilpse\eclipse\plugins\org.eclipse.justj.openjdk.hotspot.jre.full.win32.x86_64_21.0.5.v20241023-1957\jre\bin\java.dll
Event: 0.067 Loaded shared library C:\Users\KEVIN ARRUBLA\Desktop\ecilpse\eclipse\plugins\org.eclipse.justj.openjdk.hotspot.jre.full.win32.x86_64_21.0.5.v20241023-1957\jre\bin\zip.dll
Event: 0.106 Loaded shared library C:\Users\KEVIN ARRUBLA\Desktop\ecilpse\eclipse\plugins\org.eclipse.justj.openjdk.hotspot.jre.full.win32.x86_64_21.0.5.v20241023-1957\jre\bin\jimage.dll
Event: 0.118 Loaded shared library C:\Users\KEVIN ARRUBLA\Desktop\ecilpse\eclipse\plugins\org.eclipse.justj.openjdk.hotspot.jre.full.win32.x86_64_21.0.5.v20241023-1957\jre\bin\zip.dll
Event: 0.126 Loaded shared library C:\Users\KEVIN ARRUBLA\Desktop\ecilpse\eclipse\plugins\org.eclipse.justj.openjdk.hotspot.jre.full.win32.x86_64_21.0.5.v20241023-1957\jre\bin\net.dll
Event: 0.130 Loaded shared library C:\Users\KEVIN ARRUBLA\Desktop\ecilpse\eclipse\plugins\org.eclipse.justj.openjdk.hotspot.jre.full.win32.x86_64_21.0.5.v20241023-1957\jre\bin\nio.dll
Event: 0.489 Loaded shared library C:\Users\KEVIN ARRUBLA\Desktop\ecilpse\eclipse\plugins\org.eclipse.justj.openjdk.hotspot.jre.full.win32.x86_64_21.0.5.v20241023-1957\jre\bin\extnet.dll
Event: 1.073 Loaded shared library C:\Users\KEVIN ARRUBLA\Desktop\ecilpse\eclipse\plugins\org.eclipse.justj.openjdk.hotspot.jre.full.win32.x86_64_21.0.5.v20241023-1957\jre\bin\awt.dll
Event: 2.094 Loaded shared library C:\Users\KEVIN ARRUBLA\Desktop\ecilpse\eclipse\plugins\org.eclipse.justj.openjdk.hotspot.jre.full.win32.x86_64_21.0.5.v20241023-1957\jre\bin\freetype.dll
Event: 2.113 Loaded shared library C:\Users\KEVIN ARRUBLA\Desktop\ecilpse\eclipse\plugins\org.eclipse.justj.openjdk.hotspot.jre.full.win32.x86_64_21.0.5.v20241023-1957\jre\bin\fontmanager.dll

Deoptimization events (20 events):
Event: 0.441 Thread 0x00000236010fbd90 DEOPT PACKING pc=0x0000023606e672cc sp=0x000000f7ba4fade0
Event: 0.441 Thread 0x00000236010fbd90 DEOPT UNPACKING pc=0x000002360e3d4e42 sp=0x000000f7ba4fa248 mode 0
Event: 0.472 Thread 0x00000236010fbd90 Uncommon trap: trap_request=0xffffff45 fr.pc=0x000002360e94448c relative=0x000000000000142c
Event: 0.472 Thread 0x00000236010fbd90 Uncommon trap: reason=unstable_if action=reinterpret pc=0x000002360e94448c method=java.lang.String.<init>([CIILjava/lang/Void;)V @ 5 c2
Event: 0.472 Thread 0x00000236010fbd90 DEOPT PACKING pc=0x000002360e94448c sp=0x000000f7ba4fd190
Event: 0.472 Thread 0x00000236010fbd90 DEOPT UNPACKING pc=0x000002360e3d46a2 sp=0x000000f7ba4fd080 mode 2
Event: 0.473 Thread 0x00000236010fbd90 DEOPT PACKING pc=0x0000023606ebf761 sp=0x000000f7ba4fd170
Event: 0.473 Thread 0x00000236010fbd90 DEOPT UNPACKING pc=0x000002360e3d4e42 sp=0x000000f7ba4fc668 mode 0
Event: 0.511 Thread 0x00000236010fbd90 DEOPT PACKING pc=0x0000023606ebf48a sp=0x000000f7ba4fc700
Event: 0.511 Thread 0x00000236010fbd90 DEOPT UNPACKING pc=0x000002360e3d4e42 sp=0x000000f7ba4fbbe8 mode 0
Event: 0.511 Thread 0x00000236010fbd90 Uncommon trap: trap_request=0xffffff45 fr.pc=0x000002360e952dc8 relative=0x0000000000000fa8
Event: 0.511 Thread 0x00000236010fbd90 Uncommon trap: reason=unstable_if action=reinterpret pc=0x000002360e952dc8 method=java.util.Properties$LineReader.readLine()I @ 249 c2
Event: 0.511 Thread 0x00000236010fbd90 DEOPT PACKING pc=0x000002360e952dc8 sp=0x000000f7ba4fc760
Event: 0.511 Thread 0x00000236010fbd90 DEOPT UNPACKING pc=0x000002360e3d46a2 sp=0x000000f7ba4fc6f8 mode 2
Event: 0.817 Thread 0x00000236010fbd90 DEOPT PACKING pc=0x0000023606ea8045 sp=0x000000f7ba4fdf80
Event: 0.817 Thread 0x00000236010fbd90 DEOPT UNPACKING pc=0x000002360e3d4e42 sp=0x000000f7ba4fd3d0 mode 0
Event: 1.942 Thread 0x000002365f319630 Uncommon trap: trap_request=0xffffff45 fr.pc=0x000002360e95ce00 relative=0x0000000000000060
Event: 1.942 Thread 0x000002365f319630 Uncommon trap: reason=unstable_if action=reinterpret pc=0x000002360e95ce00 method=java.lang.CharacterDataLatin1.toUpperCase(I)I @ 17 c2
Event: 1.942 Thread 0x000002365f319630 DEOPT PACKING pc=0x000002360e95ce00 sp=0x000000f7bb9fdf00
Event: 1.942 Thread 0x000002365f319630 DEOPT UNPACKING pc=0x000002360e3d46a2 sp=0x000000f7bb9fde80 mode 2

Classes loaded (20 events):
Event: 2.134 Loading class sun/font/StrikeCache
Event: 2.134 Loading class sun/font/StrikeCache done
Event: 2.134 Loading class sun/font/StrikeCache$1
Event: 2.134 Loading class sun/font/StrikeCache$1 done
Event: 2.134 Loading class sun/font/GlyphList
Event: 2.135 Loading class sun/font/GlyphList done
Event: 2.140 Loading class sun/font/FontManagerFactory
Event: 2.140 Loading class sun/font/FontManagerFactory done
Event: 2.141 Loading class sun/font/PlatformFontInfo
Event: 2.141 Loading class sun/font/PlatformFontInfo done
Event: 2.141 Loading class sun/awt/Win32FontManager
Event: 2.146 Loading class sun/awt/Win32FontManager done
Event: 2.146 Loading class sun/awt/Win32FontManager$1
Event: 2.146 Loading class sun/awt/Win32FontManager$1 done
Event: 2.146 Loading class sun/font/CompositeFont
Event: 2.146 Loading class sun/font/CompositeFont done
Event: 2.147 Loading class sun/font/SunFontManager$2
Event: 2.147 Loading class sun/font/SunFontManager$2 done
Event: 2.148 Loading class sun/awt/windows/WFontConfiguration
Event: 2.148 Loading class sun/awt/FontConfiguration

Classes unloaded (0 events):
No events

Classes redefined (0 events):
No events

Internal exceptions (14 events):
Event: 0.172 Thread 0x00000236010fbd90 Exception <a 'java/lang/NoSuchMethodError'{0x00000000cc95c798}: 'void java.lang.invoke.DirectMethodHandle$Holder.invokeStatic(java.lang.Object, java.lang.Object)'> (0x00000000cc95c798) 
thrown [s\src\hotspot\share\interpreter\linkResolver.cpp, line 773]
Event: 0.234 Thread 0x00000236010fbd90 Exception <a 'java/lang/NoSuchMethodError'{0x00000000cc8b59b0}: 'java.lang.Object java.lang.invoke.DirectMethodHandle$Holder.invokeInterface(java.lang.Object, java.lang.Object)'> (0x00000000cc8b59b0) 
thrown [s\src\hotspot\share\interpreter\linkResolver.cpp, line 773]
Event: 0.274 Thread 0x00000236010fbd90 Exception <a 'java/lang/NoSuchMethodError'{0x00000000cc7408a0}: 'void java.lang.invoke.DirectMethodHandle$Holder.invokeSpecial(java.lang.Object, java.lang.Object, java.lang.Object)'> (0x00000000cc7408a0) 
thrown [s\src\hotspot\share\interpreter\linkResolver.cpp, line 773]
Event: 0.276 Thread 0x00000236010fbd90 Exception <a 'java/lang/NoSuchMethodError'{0x00000000cc7469a8}: 'void java.lang.invoke.DirectMethodHandle$Holder.invokeStatic(java.lang.Object, java.lang.Object, java.lang.Object)'> (0x00000000cc7469a8) 
thrown [s\src\hotspot\share\interpreter\linkResolver.cpp, line 773]
Event: 0.279 Thread 0x00000236010fbd90 Exception <a 'java/lang/NoSuchMethodError'{0x00000000cc74ffe0}: 'java.lang.Object java.lang.invoke.DirectMethodHandle$Holder.invokeVirtual(java.lang.Object, java.lang.Object, java.lang.Object)'> (0x00000000cc74ffe0) 
thrown [s\src\hotspot\share\interpreter\linkResolver.cpp, line 773]
Event: 1.025 Thread 0x00000236010fbd90 Exception <a 'java/lang/ClassNotFoundException'{0x00000000cbf38c68}: sun/awt/resources/spi/awtProvider> (0x00000000cbf38c68) 
thrown [s\src\hotspot\share\classfile\systemDictionary.cpp, line 312]
Event: 1.089 Thread 0x00000236010fbd90 Exception <a 'java/io/FileNotFoundException'{0x00000000cbf72480}> (0x00000000cbf72480) 
thrown [s\src\hotspot\share\prims\jni.cpp, line 520]
Event: 1.101 Thread 0x00000236010fbd90 Exception <a 'java/io/FileNotFoundException'{0x00000000cbf9cf70}> (0x00000000cbf9cf70) 
thrown [s\src\hotspot\share\prims\jni.cpp, line 520]
Event: 1.633 Thread 0x00000236010fbd90 Exception <a 'java/lang/NoSuchMethodError'{0x00000000cbe517b0}: 'java.lang.Object java.lang.invoke.DirectMethodHandle$Holder.newInvokeSpecial(java.lang.Object, java.lang.Object, java.lang.Object, java.lang.Object, java.lang.Object)'> (0x00000000cbe517b0) 
thrown [s\src\hotspot\share\interpreter\linkResolver.cpp, line 773]
Event: 1.651 Thread 0x00000236010fbd90 Exception <a 'java/lang/NoSuchMethodError'{0x00000000cbd0fec0}: 'java.lang.Object java.lang.invoke.DirectMethodHandle$Holder.invokeStatic(java.lang.Object, int, java.lang.Object)'> (0x00000000cbd0fec0) 
thrown [s\src\hotspot\share\interpreter\linkResolver.cpp, line 773]
Event: 1.699 Thread 0x00000236010fbd90 Exception <a 'java/lang/ClassNotFoundException'{0x00000000cbdb1630}: com/sun/swing/internal/plaf/metal/resources/spi/metalProvider> (0x00000000cbdb1630) 
thrown [s\src\hotspot\share\classfile\systemDictionary.cpp, line 312]
Event: 1.702 Thread 0x00000236010fbd90 Exception <a 'java/lang/ClassNotFoundException'{0x00000000cbdb6358}: com/sun/swing/internal/plaf/basic/resources/spi/basicProvider> (0x00000000cbdb6358) 
thrown [s\src\hotspot\share\classfile\systemDictionary.cpp, line 312]
Event: 1.803 Thread 0x00000236010fbd90 Exception <a 'java/lang/NoSuchMethodError'{0x00000000cbdd5b50}: 'int java.lang.invoke.Invokers$Holder.invokeExact_MT(java.lang.Object, java.lang.Object)'> (0x00000000cbdd5b50) 
thrown [s\src\hotspot\share\interpreter\linkResolver.cpp, line 773]
Event: 2.052 Thread 0x00000236010fbd90 Exception <a 'java/lang/NoSuchMethodError'{0x00000000cbc5c208}: 'void java.lang.invoke.DirectMethodHandle$Holder.invokeStaticInit(java.lang.Object)'> (0x00000000cbc5c208) 
thrown [s\src\hotspot\share\interpreter\linkResolver.cpp, line 773]

ZGC Phase Switch (0 events):
No events

VM Operations (8 events):
Event: 0.138 Executing VM operation: HandshakeAllThreads (Deoptimize)
Event: 0.138 Executing VM operation: HandshakeAllThreads (Deoptimize) done
Event: 0.264 Executing VM operation: HandshakeAllThreads (Deoptimize)
Event: 0.264 Executing VM operation: HandshakeAllThreads (Deoptimize) done
Event: 1.263 Executing VM operation: Cleanup
Event: 1.264 Executing VM operation: Cleanup done
Event: 1.818 Executing VM operation: HandshakeAllThreads (Deoptimize)
Event: 1.818 Executing VM operation: HandshakeAllThreads (Deoptimize) done

Memory protections (0 events):
No events

Nmethod flushes (0 events):
No events

Events (16 events):
Event: 0.046 Thread 0x00000236010fbd90 Thread added: 0x00000236010fbd90
Event: 0.069 Thread 0x00000236010fbd90 Thread added: 0x0000023619c867c0
Event: 0.070 Thread 0x00000236010fbd90 Thread added: 0x0000023619c885e0
Event: 0.070 Thread 0x00000236010fbd90 Thread added: 0x0000023619c8a700
Event: 0.070 Thread 0x00000236010fbd90 Thread added: 0x0000023619c8d160
Event: 0.070 Thread 0x00000236010fbd90 Thread added: 0x0000023619c8dbb0
Event: 0.070 Thread 0x00000236010fbd90 Thread added: 0x0000023619c8e600
Event: 0.070 Thread 0x00000236010fbd90 Thread added: 0x0000023619c9ecb0
Event: 0.070 Thread 0x00000236010fbd90 Thread added: 0x0000023619ca1360
Event: 0.095 Thread 0x00000236010fbd90 Thread added: 0x000002365f0b1360
Event: 0.100 Thread 0x00000236010fbd90 Thread added: 0x000002365f0b47f0
Event: 0.173 Thread 0x00000236010fbd90 Thread added: 0x000002365f12efe0
Event: 1.215 Thread 0x00000236010fbd90 Thread added: 0x000002365f380a30
Event: 1.218 Thread 0x00000236010fbd90 Thread added: 0x000002365f318fd0
Event: 1.220 Thread 0x00000236010fbd90 Thread added: 0x000002365f319630
Event: 1.965 Thread 0x000002365f319630 Thread added: 0x000002365f63fce0


Dynamic libraries:
0x00007ff6d7dc0000 - 0x00007ff6d7dce000 	C:\Users\KEVIN ARRUBLA\Desktop\ecilpse\eclipse\plugins\org.eclipse.justj.openjdk.hotspot.jre.full.win32.x86_64_21.0.5.v20241023-1957\jre\bin\javaw.exe
0x00007ff971f10000 - 0x00007ff972108000 	C:\Windows\SYSTEM32\ntdll.dll
0x00007ff971d80000 - 0x00007ff971e42000 	C:\Windows\System32\KERNEL32.DLL
0x00007ff96f870000 - 0x00007ff96fb66000 	C:\Windows\System32\KERNELBASE.dll
0x00007ff96fbc0000 - 0x00007ff96fcc0000 	C:\Windows\System32\ucrtbase.dll
0x00007ff96a230000 - 0x00007ff96a24e000 	C:\Users\KEVIN ARRUBLA\Desktop\ecilpse\eclipse\plugins\org.eclipse.justj.openjdk.hotspot.jre.full.win32.x86_64_21.0.5.v20241023-1957\jre\bin\VCRUNTIME140.dll
0x00007ff94bf70000 - 0x00007ff94bf88000 	C:\Users\KEVIN ARRUBLA\Desktop\ecilpse\eclipse\plugins\org.eclipse.justj.openjdk.hotspot.jre.full.win32.x86_64_21.0.5.v20241023-1957\jre\bin\jli.dll
0x00007ff971bd0000 - 0x00007ff971d71000 	C:\Windows\System32\USER32.dll
0x00007ff96fe60000 - 0x00007ff96fe82000 	C:\Windows\System32\win32u.dll
0x00007ff970ca0000 - 0x00007ff970ccb000 	C:\Windows\System32\GDI32.dll
0x00007ff96fcc0000 - 0x00007ff96fdd9000 	C:\Windows\System32\gdi32full.dll
0x00007ff96fe90000 - 0x00007ff96ff2d000 	C:\Windows\System32\msvcp_win.dll
0x00007ff958500000 - 0x00007ff95879b000 	C:\Windows\WinSxS\amd64_microsoft.windows.common-controls_6595b64144ccf1df_6.0.19041.6456_none_60b8a6cb71f64256\COMCTL32.dll
0x00007ff970e10000 - 0x00007ff970eae000 	C:\Windows\System32\msvcrt.dll
0x00007ff970940000 - 0x00007ff97096f000 	C:\Windows\System32\IMM32.DLL
0x00007ff96acf0000 - 0x00007ff96acfc000 	C:\Users\KEVIN ARRUBLA\Desktop\ecilpse\eclipse\plugins\org.eclipse.justj.openjdk.hotspot.jre.full.win32.x86_64_21.0.5.v20241023-1957\jre\bin\vcruntime140_1.dll
0x00007ff932700000 - 0x00007ff93278d000 	C:\Users\KEVIN ARRUBLA\Desktop\ecilpse\eclipse\plugins\org.eclipse.justj.openjdk.hotspot.jre.full.win32.x86_64_21.0.5.v20241023-1957\jre\bin\msvcp140.dll
0x00007ff8c9960000 - 0x00007ff8ca6ef000 	C:\Users\KEVIN ARRUBLA\Desktop\ecilpse\eclipse\plugins\org.eclipse.justj.openjdk.hotspot.jre.full.win32.x86_64_21.0.5.v20241023-1957\jre\bin\server\jvm.dll
0x00007ff971730000 - 0x00007ff9717e1000 	C:\Windows\System32\ADVAPI32.dll
0x00007ff970010000 - 0x00007ff9700af000 	C:\Windows\System32\sechost.dll
0x00007ff970b80000 - 0x00007ff970ca0000 	C:\Windows\System32\RPCRT4.dll
0x00007ff96f840000 - 0x00007ff96f867000 	C:\Windows\System32\bcrypt.dll
0x00007ff971950000 - 0x00007ff9719bb000 	C:\Windows\System32\WS2_32.dll
0x00007ff961170000 - 0x00007ff961197000 	C:\Windows\SYSTEM32\WINMM.dll
0x00007ff96f400000 - 0x00007ff96f44b000 	C:\Windows\SYSTEM32\POWRPROF.dll
0x00007ff9663b0000 - 0x00007ff9663ba000 	C:\Windows\SYSTEM32\VERSION.dll
0x00007ff96f3e0000 - 0x00007ff96f3f2000 	C:\Windows\SYSTEM32\UMPDC.dll
0x00007ff96d5f0000 - 0x00007ff96d602000 	C:\Windows\SYSTEM32\kernel.appcore.dll
0x00007ff96ac40000 - 0x00007ff96ac4a000 	C:\Users\KEVIN ARRUBLA\Desktop\ecilpse\eclipse\plugins\org.eclipse.justj.openjdk.hotspot.jre.full.win32.x86_64_21.0.5.v20241023-1957\jre\bin\jimage.dll
0x00007ff96d270000 - 0x00007ff96d471000 	C:\Windows\SYSTEM32\DBGHELP.DLL
0x00007ff959700000 - 0x00007ff959734000 	C:\Windows\SYSTEM32\dbgcore.DLL
0x00007ff96f7b0000 - 0x00007ff96f832000 	C:\Windows\System32\bcryptPrimitives.dll
0x00007ff94bbc0000 - 0x00007ff94bbdf000 	C:\Users\KEVIN ARRUBLA\Desktop\ecilpse\eclipse\plugins\org.eclipse.justj.openjdk.hotspot.jre.full.win32.x86_64_21.0.5.v20241023-1957\jre\bin\java.dll
0x00007ff970eb0000 - 0x00007ff971620000 	C:\Windows\System32\SHELL32.dll
0x00007ff96d610000 - 0x00007ff96ddb5000 	C:\Windows\SYSTEM32\windows.storage.dll
0x00007ff9705e0000 - 0x00007ff970934000 	C:\Windows\System32\combase.dll
0x00007ff96eef0000 - 0x00007ff96ef1b000 	C:\Windows\SYSTEM32\Wldp.dll
0x00007ff971b00000 - 0x00007ff971bcd000 	C:\Windows\System32\OLEAUT32.dll
0x00007ff971680000 - 0x00007ff97172d000 	C:\Windows\System32\SHCORE.dll
0x00007ff971620000 - 0x00007ff97167b000 	C:\Windows\System32\shlwapi.dll
0x00007ff96f4d0000 - 0x00007ff96f4f4000 	C:\Windows\SYSTEM32\profapi.dll
0x00007ff946ca0000 - 0x00007ff946cb8000 	C:\Users\KEVIN ARRUBLA\Desktop\ecilpse\eclipse\plugins\org.eclipse.justj.openjdk.hotspot.jre.full.win32.x86_64_21.0.5.v20241023-1957\jre\bin\zip.dll
0x00007ff96a200000 - 0x00007ff96a210000 	C:\Users\KEVIN ARRUBLA\Desktop\ecilpse\eclipse\plugins\org.eclipse.justj.openjdk.hotspot.jre.full.win32.x86_64_21.0.5.v20241023-1957\jre\bin\net.dll
0x00007ff96aab0000 - 0x00007ff96abba000 	C:\Windows\SYSTEM32\WINHTTP.dll
0x00007ff96ec50000 - 0x00007ff96ecba000 	C:\Windows\system32\mswsock.dll
0x00007ff946120000 - 0x00007ff946136000 	C:\Users\KEVIN ARRUBLA\Desktop\ecilpse\eclipse\plugins\org.eclipse.justj.openjdk.hotspot.jre.full.win32.x86_64_21.0.5.v20241023-1957\jre\bin\nio.dll
0x00007ff96e970000 - 0x00007ff96ea3a000 	C:\Windows\SYSTEM32\DNSAPI.dll
0x00007ff96e930000 - 0x00007ff96e96b000 	C:\Windows\SYSTEM32\IPHLPAPI.DLL
0x00007ff9717f0000 - 0x00007ff9717f8000 	C:\Windows\System32\NSI.dll
0x00007ff969260000 - 0x00007ff96926a000 	C:\Windows\System32\rasadhlp.dll
0x00007ff95c420000 - 0x00007ff95c4a0000 	C:\Windows\System32\fwpuclnt.dll
0x00007ff969b70000 - 0x00007ff969b79000 	C:\Users\KEVIN ARRUBLA\Desktop\ecilpse\eclipse\plugins\org.eclipse.justj.openjdk.hotspot.jre.full.win32.x86_64_21.0.5.v20241023-1957\jre\bin\extnet.dll
0x00007ff931db0000 - 0x00007ff931f3e000 	C:\Users\KEVIN ARRUBLA\Desktop\ecilpse\eclipse\plugins\org.eclipse.justj.openjdk.hotspot.jre.full.win32.x86_64_21.0.5.v20241023-1957\jre\bin\awt.dll
0x00007ff967fe0000 - 0x00007ff968074000 	C:\Windows\SYSTEM32\apphelp.dll
0x00007ff96d010000 - 0x00007ff96d03e000 	C:\Windows\system32\DWMAPI.DLL
0x00007ff96cc30000 - 0x00007ff96ccce000 	C:\Windows\system32\uxtheme.dll
0x00007ff935860000 - 0x00007ff935988000 	C:\Windows\system32\opengl32.dll
0x00007ff947080000 - 0x00007ff9470ac000 	C:\Windows\SYSTEM32\GLU32.dll
0x00007ff9719c0000 - 0x00007ff971ad5000 	C:\Windows\System32\MSCTF.dll
0x00007ff970cd0000 - 0x00007ff970dfb000 	C:\Windows\System32\ole32.dll
0x00007ff90add0000 - 0x00007ff90afa1000 	C:\Windows\system32\d3d9.dll
0x00007ff9615e0000 - 0x00007ff9617bb000 	C:\Windows\System32\DriverStore\FileRepository\u0373104.inf_amd64_beb660c61c852a40\B373048\aticfx64.dll
0x00007ff90ad90000 - 0x00007ff90adc3000 	C:\Windows\System32\DriverStore\FileRepository\u0373104.inf_amd64_beb660c61c852a40\B373048\atiu9p64.dll
0x00007ff90a060000 - 0x00007ff90ad81000 	C:\Windows\System32\DriverStore\FileRepository\u0373104.inf_amd64_beb660c61c852a40\B373048\atiumd64.dll
0x00007ff95e8d0000 - 0x00007ff95e900000 	C:\Windows\SYSTEM32\amdihk64.dll
0x00007ff932670000 - 0x00007ff9326f7000 	C:\Users\KEVIN ARRUBLA\Desktop\ecilpse\eclipse\plugins\org.eclipse.justj.openjdk.hotspot.jre.full.win32.x86_64_21.0.5.v20241023-1957\jre\bin\freetype.dll
0x00007ff92e120000 - 0x00007ff92e1fb000 	C:\Users\KEVIN ARRUBLA\Desktop\ecilpse\eclipse\plugins\org.eclipse.justj.openjdk.hotspot.jre.full.win32.x86_64_21.0.5.v20241023-1957\jre\bin\fontmanager.dll

dbghelp: loaded successfully - version: 4.0.5 - missing functions: none
symbol engine: initialized successfully - sym options: 0x614 - pdb path: .;C:\Users\KEVIN ARRUBLA\Desktop\ecilpse\eclipse\plugins\org.eclipse.justj.openjdk.hotspot.jre.full.win32.x86_64_21.0.5.v20241023-1957\jre\bin;C:\Windows\SYSTEM32;C:\Windows\WinSxS\amd64_microsoft.windows.common-controls_6595b64144ccf1df_6.0.19041.6456_none_60b8a6cb71f64256;C:\Users\KEVIN ARRUBLA\Desktop\ecilpse\eclipse\plugins\org.eclipse.justj.openjdk.hotspot.jre.full.win32.x86_64_21.0.5.v20241023-1957\jre\bin\server;C:\Windows\System32\DriverStore\FileRepository\u0373104.inf_amd64_beb660c61c852a40\B373048

VM Arguments:
jvm_args: -Dfile.encoding=UTF-8 -Dstdout.encoding=UTF-8 -Dstderr.encoding=UTF-8 -XX:+ShowCodeDetailsInExceptionMessages 
java_command: controlador.Main
java_class_path (initial): C:\Users\KEVIN ARRUBLA\Desktop\Dana\SENA\Eclipe\Tienda\bin;C:\Users\KEVIN ARRUBLA\Desktop\Dana\SENA\Eclipe\Tienda\src\driver\mysql-connector-j-9.6.0.jar
Launcher Type: SUN_STANDARD

[Global flags]
     intx CICompilerCount                          = 4                                         {product} {ergonomic}
     uint ConcGCThreads                            = 2                                         {product} {ergonomic}
     uint G1ConcRefinementThreads                  = 8                                         {product} {ergonomic}
   size_t G1HeapRegionSize                         = 1048576                                   {product} {ergonomic}
    uintx GCDrainStackTargetSize                   = 64                                        {product} {ergonomic}
   size_t InitialHeapSize                          = 58720256                                  {product} {ergonomic}
   size_t MarkStackSize                            = 4194304                                   {product} {ergonomic}
   size_t MaxHeapSize                              = 918552576                                 {product} {ergonomic}
   size_t MaxNewSize                               = 550502400                                 {product} {ergonomic}
   size_t MinHeapDeltaBytes                        = 1048576                                   {product} {ergonomic}
   size_t MinHeapSize                              = 8388608                                   {product} {ergonomic}
    uintx NonNMethodCodeHeapSize                   = 5839372                                {pd product} {ergonomic}
    uintx NonProfiledCodeHeapSize                  = 122909434                              {pd product} {ergonomic}
    uintx ProfiledCodeHeapSize                     = 122909434                              {pd product} {ergonomic}
    uintx ReservedCodeCacheSize                    = 251658240                              {pd product} {ergonomic}
     bool SegmentedCodeCache                       = true                                      {product} {ergonomic}
     bool ShowCodeDetailsInExceptionMessages       = true                                   {manageable} {command line}
   size_t SoftMaxHeapSize                          = 918552576                              {manageable} {ergonomic}
     bool UseCompressedOops                        = true                           {product lp64_product} {ergonomic}
     bool UseG1GC                                  = true                                      {product} {ergonomic}
     bool UseLargePagesIndividualAllocation        = false                                  {pd product} {ergonomic}

Logging:
Log output configuration:
 #0: stdout all=warning uptime,level,tags foldmultilines=false
 #1: stderr all=off uptime,level,tags foldmultilines=false

Environment Variables:
PATH=C:/Users/KEVIN ARRUBLA/Desktop/ecilpse/eclipse//plugins/org.eclipse.justj.openjdk.hotspot.jre.full.win32.x86_64_21.0.10.v20260205-0638/jre/bin/server;C:/Users/KEVIN ARRUBLA/Desktop/ecilpse/eclipse//plugins/org.eclipse.justj.openjdk.hotspot.jre.full.win32.x86_64_21.0.10.v20260205-0638/jre/bin;C:\Program Files\Eclipse Adoptium\jdk-11.0.28.6-hotspot\bin;C:\Program Files (x86)\Common Files\Intel\Shared Libraries\redist\intel64\compiler;C:\ProgramData\Oracle\Java\javapath;C:\Program Files\Common Files\Oracle\Java\javapath;C:\Program Files (x86)\Common Files\Oracle\Java\java8path;C:\Program Files (x86)\Common Files\Oracle\Java\javapath;C:\Python39\Scripts\;C:\Python39\;C:\Windows\system32;C:\Windows;C:\Windows\System32\Wbem;C:\Windows\System32\WindowsPowerShell\v1.0\;C:\Windows\System32\OpenSSH\;C:\xampp\php;C:\ProgramData\ComposerSetup\bin;C:\ProgramData\chocolatey\bin;C:\Program Files\dotnet\;C:\Program Files\nodejs\;C:\Program Files\Git\cmd;C:\Users\KEVIN ARRUBLA\AppData\Local\Microsoft\WindowsApps;C:\Users\KEVIN ARRUBLA\AppData\Local\Programs\Microsoft VS Code\bin;C:\Users\KEVIN ARRUBLA\AppData\Roaming\Composer\vendor\bin;C:\Program Files\MongoDB\Server\5.0\bin;C:\Users\KEVIN ARRUBLA\AppData\Roaming\npm;C:\Users\KEVIN ARRUBLA\Desktop\ecilpse\eclipse;
USERNAME=KEVIN ARRUBLA
OS=Windows_NT
PROCESSOR_IDENTIFIER=AMD64 Family 23 Model 24 Stepping 1, AuthenticAMD
TMP=C:\Users\KEVINA~1\AppData\Local\Temp
TEMP=C:\Users\KEVINA~1\AppData\Local\Temp




Periodic native trim disabled

---------------  S Y S T E M  ---------------

OS:
 Windows 10 , 64 bit Build 19041 (10.0.19041.5915)
OS uptime: 0 days 4:24 hours

CPU: total 8 (initial active 8) (8 cores per cpu, 2 threads per core) family 23 model 24 stepping 1 microcode 0x0, cx8, cmov, fxsr, ht, mmx, 3dnowpref, sse, sse2, sse3, ssse3, sse4a, sse4.1, sse4.2, popcnt, lzcnt, tsc, tscinvbit, avx, avx2, aes, clmul, bmi1, bmi2, adx, sha, fma, vzeroupper, clflush, clflushopt, rdtscp, f16c
Processor Information for processor 0
  Max Mhz: 2100, Current Mhz: 2100, Mhz Limit: 2100
Processor Information for processor 1
  Max Mhz: 2100, Current Mhz: 2100, Mhz Limit: 2100
Processor Information for processor 2
  Max Mhz: 2100, Current Mhz: 2100, Mhz Limit: 2100
Processor Information for processor 3
  Max Mhz: 2100, Current Mhz: 2100, Mhz Limit: 2100
Processor Information for processor 4
  Max Mhz: 2100, Current Mhz: 1400, Mhz Limit: 2100
Processor Information for processor 5
  Max Mhz: 2100, Current Mhz: 1400, Mhz Limit: 2100
Processor Information for processor 6
  Max Mhz: 2100, Current Mhz: 1400, Mhz Limit: 2100
Processor Information for processor 7
  Max Mhz: 2100, Current Mhz: 1400, Mhz Limit: 2100

Memory: 4k page, system-wide physical 3498M (119M free)
TotalPageFile size 14250M (AvailPageFile size 0M)
current process WorkingSet (physical memory assigned to process): 78M, peak: 78M
current process commit charge ("private bytes"): 153M, peak: 156M

vm_info: OpenJDK 64-Bit Server VM (21.0.5+11-LTS) for windows-amd64 JRE (21.0.5+11-LTS), built on 2024-10-15T00:00:00Z by "admin" with MS VC++ 17.7 (VS2022)

END.
